This is pdfTeX, Version 3.14159265-2.6-1.40.15 (TeX Live 2015/dev/Debian) (preloaded format=pdflatex 2018.10.9)  25 FEB 2021 05:16
entering extended mode
 restricted \write18 enabled.
 %&-line parsing enabled.
**LB_SN_study_design.tex
(./LB_SN_study_design.tex
LaTeX2e <2014/05/01>
Babel <3.9l> and hyphenation patterns for 2 languages loaded.
(/usr/share/texlive/texmf-dist/tex/latex/base/article.cls
Document Class: article 2014/09/29 v1.4h Standard LaTeX document class
(/usr/share/texlive/texmf-dist/tex/latex/base/size10.clo
File: size10.clo 2014/09/29 v1.4h Standard LaTeX file (size option)
)
\c@part=\count79
\c@section=\count80
\c@subsection=\count81
\c@subsubsection=\count82
\c@paragraph=\count83
\c@subparagraph=\count84
\c@figure=\count85
\c@table=\count86
\abovecaptionskip=\skip41
\belowcaptionskip=\skip42
\bibindent=\dimen102
)
(/usr/share/texlive/texmf-dist/tex/latex/graphics/graphicx.sty
Package: graphicx 2014/04/25 v1.0g Enhanced LaTeX Graphics (DPC,SPQR)

(/usr/share/texlive/texmf-dist/tex/latex/graphics/keyval.sty
Package: keyval 2014/05/08 v1.15 key=value parser (DPC)
\KV@toks@=\toks14
)
(/usr/share/texlive/texmf-dist/tex/latex/graphics/graphics.sty
Package: graphics 2009/02/05 v1.0o Standard LaTeX Graphics (DPC,SPQR)

(/usr/share/texlive/texmf-dist/tex/latex/graphics/trig.sty
Package: trig 1999/03/16 v1.09 sin cos tan (DPC)
)
(/usr/share/texlive/texmf-dist/tex/latex/latexconfig/graphics.cfg
File: graphics.cfg 2010/04/23 v1.9 graphics configuration of TeX Live
)
Package graphics Info: Driver file: pdftex.def on input line 91.

(/usr/share/texlive/texmf-dist/tex/latex/pdftex-def/pdftex.def
File: pdftex.def 2011/05/27 v0.06d Graphics/color for pdfTeX

(/usr/share/texlive/texmf-dist/tex/generic/oberdiek/infwarerr.sty
Package: infwarerr 2010/04/08 v1.3 Providing info/warning/error messages (HO)
)
(/usr/share/texlive/texmf-dist/tex/generic/oberdiek/ltxcmds.sty
Package: ltxcmds 2011/11/09 v1.22 LaTeX kernel commands for general use (HO)
)
\Gread@gobject=\count87
))
\Gin@req@height=\dimen103
\Gin@req@width=\dimen104
)
(/usr/share/texlive/texmf-dist/tex/latex/graphics/color.sty
Package: color 2014/04/23 v1.1a Standard LaTeX Color (DPC)

(/usr/share/texlive/texmf-dist/tex/latex/latexconfig/color.cfg
File: color.cfg 2007/01/18 v1.5 color configuration of teTeX/TeXLive
)
Package color Info: Driver file: pdftex.def on input line 137.
)
(/usr/share/texlive/texmf-dist/tex/latex/framed/framed.sty
Package: framed 2011/10/22 v 0.96: framed or shaded text with page breaks
\OuterFrameSep=\skip43
\fb@frw=\dimen105
\fb@frh=\dimen106
\FrameRule=\dimen107
\FrameSep=\dimen108
)
(/usr/share/texlive/texmf-dist/tex/latex/base/alltt.sty
Package: alltt 1997/06/16 v2.0g defines alltt environment
)
(/usr/share/texlive/texmf-dist/tex/latex/pdfpages/pdfpages.sty
Package: pdfpages 2013/08/25 v0.4v Insert pages of external PDF documents (AM)

(/usr/share/texlive/texmf-dist/tex/latex/base/ifthen.sty
Package: ifthen 2014/09/29 v1.1c Standard LaTeX ifthen package (DPC)
)
(/usr/share/texlive/texmf-dist/tex/latex/tools/calc.sty
Package: calc 2014/10/28 v4.3 Infix arithmetic (KKT,FJ)
\calc@Acount=\count88
\calc@Bcount=\count89
\calc@Adimen=\dimen109
\calc@Bdimen=\dimen110
\calc@Askip=\skip44
\calc@Bskip=\skip45
LaTeX Info: Redefining \setlength on input line 75.
LaTeX Info: Redefining \addtolength on input line 76.
\calc@Ccount=\count90
\calc@Cskip=\skip46
)
(/usr/share/texlive/texmf-dist/tex/latex/eso-pic/eso-pic.sty
Package: eso-pic 2013/10/06 v2.0d eso-pic (RN)

(/usr/share/texlive/texmf-dist/tex/generic/oberdiek/atbegshi.sty
Package: atbegshi 2011/10/05 v1.16 At begin shipout hook (HO)

(/usr/share/texlive/texmf-dist/tex/generic/oberdiek/ifpdf.sty
Package: ifpdf 2011/01/30 v2.3 Provides the ifpdf switch (HO)
Package ifpdf Info: pdfTeX in PDF mode is detected.
)))
(/usr/share/texlive/texmf-dist/tex/latex/pdfpages/pppdftex.def
File: pppdftex.def 2013/08/25 v0.4v Pdfpages driver for pdfTeX (AM)
)
\AM@pagebox=\box26
\AM@toc@title=\toks15
\c@AM@survey=\count91
\AM@templatesizebox=\box27
)
(/usr/share/texlive/texmf-dist/tex/latex/upquote/upquote.sty
Package: upquote 2012/04/19 v1.3 upright-quote and grave-accent glyphs in verba
tim
)
(./LB_SN_study_design.aux)
\openout1 = `LB_SN_study_design.aux'.

LaTeX Font Info:    Checking defaults for OML/cmm/m/it on input line 56.
LaTeX Font Info:    ... okay on input line 56.
LaTeX Font Info:    Checking defaults for T1/cmr/m/n on input line 56.
LaTeX Font Info:    ... okay on input line 56.
LaTeX Font Info:    Checking defaults for OT1/cmr/m/n on input line 56.
LaTeX Font Info:    ... okay on input line 56.
LaTeX Font Info:    Checking defaults for OMS/cmsy/m/n on input line 56.
LaTeX Font Info:    ... okay on input line 56.
LaTeX Font Info:    Checking defaults for OMX/cmex/m/n on input line 56.
LaTeX Font Info:    ... okay on input line 56.
LaTeX Font Info:    Checking defaults for U/cmr/m/n on input line 56.
LaTeX Font Info:    ... okay on input line 56.

(/usr/share/texlive/texmf-dist/tex/context/base/supp-pdf.mkii
[Loading MPS to PDF converter (version 2006.09.02).]
\scratchcounter=\count92
\scratchdimen=\dimen111
\scratchbox=\box28
\nofMPsegments=\count93
\nofMParguments=\count94
\everyMPshowfont=\toks16
\MPscratchCnt=\count95
\MPscratchDim=\dimen112
\MPnumerator=\count96
\makeMPintoPDFobject=\count97
\everyMPtoPDFconversion=\toks17
) (/usr/share/texlive/texmf-dist/tex/generic/oberdiek/pdftexcmds.sty
Package: pdftexcmds 2011/11/29 v0.20 Utility functions of pdfTeX for LuaTeX (HO
)

(/usr/share/texlive/texmf-dist/tex/generic/oberdiek/ifluatex.sty
Package: ifluatex 2010/03/01 v1.3 Provides the ifluatex switch (HO)
Package ifluatex Info: LuaTeX not detected.
)
Package pdftexcmds Info: LuaTeX not detected.
Package pdftexcmds Info: \pdf@primitive is available.
Package pdftexcmds Info: \pdf@ifprimitive is available.
Package pdftexcmds Info: \pdfdraftmode found.
)
(/usr/share/texlive/texmf-dist/tex/latex/oberdiek/epstopdf-base.sty
Package: epstopdf-base 2010/02/09 v2.5 Base part for package epstopdf

(/usr/share/texlive/texmf-dist/tex/latex/oberdiek/grfext.sty
Package: grfext 2010/08/19 v1.1 Manage graphics extensions (HO)

(/usr/share/texlive/texmf-dist/tex/generic/oberdiek/kvdefinekeys.sty
Package: kvdefinekeys 2011/04/07 v1.3 Define keys (HO)
))
(/usr/share/texlive/texmf-dist/tex/latex/oberdiek/kvoptions.sty
Package: kvoptions 2011/06/30 v3.11 Key value format for package options (HO)

(/usr/share/texlive/texmf-dist/tex/generic/oberdiek/kvsetkeys.sty
Package: kvsetkeys 2012/04/25 v1.16 Key value parser (HO)

(/usr/share/texlive/texmf-dist/tex/generic/oberdiek/etexcmds.sty
Package: etexcmds 2011/02/16 v1.5 Avoid name clashes with e-TeX commands (HO)
Package etexcmds Info: Could not find \expanded.
(etexcmds)             That can mean that you are not using pdfTeX 1.50 or
(etexcmds)             that some package has redefined \expanded.
(etexcmds)             In the latter case, load this package earlier.
)))
Package grfext Info: Graphics extension search list:
(grfext)             [.png,.pdf,.jpg,.mps,.jpeg,.jbig2,.jb2,.PNG,.PDF,.JPG,.JPE
G,.JBIG2,.JB2,.eps]
(grfext)             \AppendGraphicsExtensions on input line 452.

(/usr/share/texlive/texmf-dist/tex/latex/latexconfig/epstopdf-sys.cfg
File: epstopdf-sys.cfg 2010/07/13 v1.3 Configuration of (r)epstopdf for TeX Liv
e
))
\AtBeginShipoutBox=\box29

<study_design.pdf, id=1, 614.295pt x 794.97pt>
File: study_design.pdf Graphic file (type pdf)
 <use study_design.pdf>
Package pdftex.def Info: study_design.pdf used on input line 57.
(pdftex.def)             Requested size: 614.29349pt x 794.96806pt.
File: study_design.pdf Graphic file (type pdf)

<use study_design.pdf>
Package pdftex.def Info: study_design.pdf used on input line 57.
(pdftex.def)             Requested size: 614.29349pt x 794.96806pt.
 <study_design.pdf, id=4, page=1, 614.295pt x 794.97pt>
File: study_design.pdf Graphic file (type pdf)

<use study_design.pdf, page 1>
Package pdftex.def Info: study_design.pdf, page1 used on input line 57.
(pdftex.def)             Requested size: 614.29349pt x 794.96806pt.
File: study_design.pdf Graphic file (type pdf)
 <use study_design.pdf, page 1>
Package pdftex.def Info: study_design.pdf, page1 used on input line 57.
(pdftex.def)             Requested size: 614.58406pt x 795.3441pt.
File: study_design.pdf Graphic file (type pdf)

<use study_design.pdf, page 1>
Package pdftex.def Info: study_design.pdf, page1 used on input line 57.
(pdftex.def)             Requested size: 614.58406pt x 795.3441pt.
File: study_design.pdf Graphic file (type pdf)
 <use study_design.pdf, page 1>
Package pdftex.def Info: study_design.pdf, page1 used on input line 57.
(pdftex.def)             Requested size: 614.58406pt x 795.3441pt.
File: study_design.pdf Graphic file (type pdf)

<use study_design.pdf, page 1>
Package pdftex.def Info: study_design.pdf, page1 used on input line 57.
(pdftex.def)             Requested size: 614.58406pt x 795.3441pt.
 [1

 <./study_design.pdf>]
<study_design.pdf, id=366, page=2, 614.295pt x 794.97pt>
File: study_design.pdf Graphic file (type pdf)

<use study_design.pdf, page 2>
Package pdftex.def Info: study_design.pdf, page2 used on input line 57.
(pdftex.def)             Requested size: 614.58406pt x 795.3441pt.
File: study_design.pdf Graphic file (type pdf)
 <use study_design.pdf, page 2>
Package pdftex.def Info: study_design.pdf, page2 used on input line 57.
(pdftex.def)             Requested size: 614.58406pt x 795.3441pt.
File: study_design.pdf Graphic file (type pdf)

<use study_design.pdf, page 2>
Package pdftex.def Info: study_design.pdf, page2 used on input line 57.
(pdftex.def)             Requested size: 614.58406pt x 795.3441pt.
 [2 <./study_design.pdf>]
<study_design.pdf, id=378, page=3, 614.295pt x 794.97pt>
File: study_design.pdf Graphic file (type pdf)

<use study_design.pdf, page 3>
Package pdftex.def Info: study_design.pdf, page3 used on input line 57.
(pdftex.def)             Requested size: 614.58406pt x 795.3441pt.
File: study_design.pdf Graphic file (type pdf)
 <use study_design.pdf, page 3>
Package pdftex.def Info: study_design.pdf, page3 used on input line 57.
(pdftex.def)             Requested size: 614.58406pt x 795.3441pt.
File: study_design.pdf Graphic file (type pdf)

<use study_design.pdf, page 3>
Package pdftex.def Info: study_design.pdf, page3 used on input line 57.
(pdftex.def)             Requested size: 614.58406pt x 795.3441pt.
 [3 <./study_design.pdf>]
<study_design.pdf, id=471, page=4, 614.295pt x 794.97pt>
File: study_design.pdf Graphic file (type pdf)

<use study_design.pdf, page 4>
Package pdftex.def Info: study_design.pdf, page4 used on input line 57.
(pdftex.def)             Requested size: 614.58406pt x 795.3441pt.
File: study_design.pdf Graphic file (type pdf)
 <use study_design.pdf, page 4>
Package pdftex.def Info: study_design.pdf, page4 used on input line 57.
(pdftex.def)             Requested size: 614.58406pt x 795.3441pt.
File: study_design.pdf Graphic file (type pdf)

<use study_design.pdf, page 4>
Package pdftex.def Info: study_design.pdf, page4 used on input line 57.
(pdftex.def)             Requested size: 614.58406pt x 795.3441pt.
 [4 <./study_design.pdf>]
<study_design.pdf, id=501, page=5, 614.295pt x 794.97pt>
File: study_design.pdf Graphic file (type pdf)

<use study_design.pdf, page 5>
Package pdftex.def Info: study_design.pdf, page5 used on input line 57.
(pdftex.def)             Requested size: 614.58406pt x 795.3441pt.
File: study_design.pdf Graphic file (type pdf)
 <use study_design.pdf, page 5>
Package pdftex.def Info: study_design.pdf, page5 used on input line 57.
(pdftex.def)             Requested size: 614.58406pt x 795.3441pt.
File: study_design.pdf Graphic file (type pdf)

<use study_design.pdf, page 5>
Package pdftex.def Info: study_design.pdf, page5 used on input line 57.
(pdftex.def)             Requested size: 614.58406pt x 795.3441pt.
 [5 <./study_design.pdf>]
<study_design.pdf, id=512, page=6, 614.295pt x 794.97pt>
File: study_design.pdf Graphic file (type pdf)

<use study_design.pdf, page 6>
Package pdftex.def Info: study_design.pdf, page6 used on input line 57.
(pdftex.def)             Requested size: 614.58406pt x 795.3441pt.
File: study_design.pdf Graphic file (type pdf)
 <use study_design.pdf, page 6>
Package pdftex.def Info: study_design.pdf, page6 used on input line 57.
(pdftex.def)             Requested size: 614.58406pt x 795.3441pt.
File: study_design.pdf Graphic file (type pdf)

<use study_design.pdf, page 6>
Package pdftex.def Info: study_design.pdf, page6 used on input line 57.
(pdftex.def)             Requested size: 614.58406pt x 795.3441pt.
 [6 <./study_design.pdf>]
<study_design.pdf, id=523, page=7, 614.295pt x 794.97pt>
File: study_design.pdf Graphic file (type pdf)

<use study_design.pdf, page 7>
Package pdftex.def Info: study_design.pdf, page7 used on input line 57.
(pdftex.def)             Requested size: 614.58406pt x 795.3441pt.
File: study_design.pdf Graphic file (type pdf)
 <use study_design.pdf, page 7>
Package pdftex.def Info: study_design.pdf, page7 used on input line 57.
(pdftex.def)             Requested size: 614.58406pt x 795.3441pt.
File: study_design.pdf Graphic file (type pdf)

<use study_design.pdf, page 7>
Package pdftex.def Info: study_design.pdf, page7 used on input line 57.
(pdftex.def)             Requested size: 614.58406pt x 795.3441pt.
 [7 <./study_design.pdf>]
<study_design.pdf, id=535, page=8, 614.295pt x 794.97pt>
File: study_design.pdf Graphic file (type pdf)

<use study_design.pdf, page 8>
Package pdftex.def Info: study_design.pdf, page8 used on input line 57.
(pdftex.def)             Requested size: 614.58406pt x 795.3441pt.
File: study_design.pdf Graphic file (type pdf)
 <use study_design.pdf, page 8>
Package pdftex.def Info: study_design.pdf, page8 used on input line 57.
(pdftex.def)             Requested size: 614.58406pt x 795.3441pt.
File: study_design.pdf Graphic file (type pdf)

<use study_design.pdf, page 8>
Package pdftex.def Info: study_design.pdf, page8 used on input line 57.
(pdftex.def)             Requested size: 614.58406pt x 795.3441pt.
 [8 <./study_design.pdf>]
<study_design.pdf, id=546, page=9, 614.295pt x 794.97pt>
File: study_design.pdf Graphic file (type pdf)

<use study_design.pdf, page 9>
Package pdftex.def Info: study_design.pdf, page9 used on input line 57.
(pdftex.def)             Requested size: 614.58406pt x 795.3441pt.
File: study_design.pdf Graphic file (type pdf)
 <use study_design.pdf, page 9>
Package pdftex.def Info: study_design.pdf, page9 used on input line 57.
(pdftex.def)             Requested size: 614.58406pt x 795.3441pt.
File: study_design.pdf Graphic file (type pdf)

<use study_design.pdf, page 9>
Package pdftex.def Info: study_design.pdf, page9 used on input line 57.
(pdftex.def)             Requested size: 614.58406pt x 795.3441pt.
 [9 <./study_design.pdf>]
<study_design.pdf, id=558, page=10, 614.295pt x 794.97pt>
File: study_design.pdf Graphic file (type pdf)

<use study_design.pdf, page 10>
Package pdftex.def Info: study_design.pdf, page10 used on input line 57.
(pdftex.def)             Requested size: 614.58406pt x 795.3441pt.
File: study_design.pdf Graphic file (type pdf)
 <use study_design.pdf, page 10>
Package pdftex.def Info: study_design.pdf, page10 used on input line 57.
(pdftex.def)             Requested size: 614.58406pt x 795.3441pt.
File: study_design.pdf Graphic file (type pdf)

<use study_design.pdf, page 10>
Package pdftex.def Info: study_design.pdf, page10 used on input line 57.
(pdftex.def)             Requested size: 614.58406pt x 795.3441pt.
 [10 <./study_design.pdf>]
<study_design.pdf, id=569, page=11, 614.295pt x 794.97pt>
File: study_design.pdf Graphic file (type pdf)

<use study_design.pdf, page 11>
Package pdftex.def Info: study_design.pdf, page11 used on input line 57.
(pdftex.def)             Requested size: 614.58406pt x 795.3441pt.
File: study_design.pdf Graphic file (type pdf)
 <use study_design.pdf, page 11>
Package pdftex.def Info: study_design.pdf, page11 used on input line 57.
(pdftex.def)             Requested size: 614.58406pt x 795.3441pt.
File: study_design.pdf Graphic file (type pdf)

<use study_design.pdf, page 11>
Package pdftex.def Info: study_design.pdf, page11 used on input line 57.
(pdftex.def)             Requested size: 614.58406pt x 795.3441pt.
 [11 <./study_design.pdf>]
<study_design.pdf, id=581, page=12, 614.295pt x 794.97pt>
File: study_design.pdf Graphic file (type pdf)

<use study_design.pdf, page 12>
Package pdftex.def Info: study_design.pdf, page12 used on input line 57.
(pdftex.def)             Requested size: 614.58406pt x 795.3441pt.
File: study_design.pdf Graphic file (type pdf)
 <use study_design.pdf, page 12>
Package pdftex.def Info: study_design.pdf, page12 used on input line 57.
(pdftex.def)             Requested size: 614.58406pt x 795.3441pt.
File: study_design.pdf Graphic file (type pdf)

<use study_design.pdf, page 12>
Package pdftex.def Info: study_design.pdf, page12 used on input line 57.
(pdftex.def)             Requested size: 614.58406pt x 795.3441pt.
 [12 <./study_design.pdf>]
<study_design.pdf, id=593, page=13, 614.295pt x 794.97pt>
File: study_design.pdf Graphic file (type pdf)

<use study_design.pdf, page 13>
Package pdftex.def Info: study_design.pdf, page13 used on input line 57.
(pdftex.def)             Requested size: 614.58406pt x 795.3441pt.
File: study_design.pdf Graphic file (type pdf)
 <use study_design.pdf, page 13>
Package pdftex.def Info: study_design.pdf, page13 used on input line 57.
(pdftex.def)             Requested size: 614.58406pt x 795.3441pt.
File: study_design.pdf Graphic file (type pdf)

<use study_design.pdf, page 13>
Package pdftex.def Info: study_design.pdf, page13 used on input line 57.
(pdftex.def)             Requested size: 614.58406pt x 795.3441pt.
 [13 <./study_design.pdf>]
<study_design.pdf, id=599, page=14, 614.295pt x 794.97pt>
File: study_design.pdf Graphic file (type pdf)

<use study_design.pdf, page 14>
Package pdftex.def Info: study_design.pdf, page14 used on input line 57.
(pdftex.def)             Requested size: 614.58406pt x 795.3441pt.
File: study_design.pdf Graphic file (type pdf)
 <use study_design.pdf, page 14>
Package pdftex.def Info: study_design.pdf, page14 used on input line 57.
(pdftex.def)             Requested size: 614.58406pt x 795.3441pt.
File: study_design.pdf Graphic file (type pdf)

<use study_design.pdf, page 14>
Package pdftex.def Info: study_design.pdf, page14 used on input line 57.
(pdftex.def)             Requested size: 614.58406pt x 795.3441pt.
 [14 <./study_design.pdf>]
<study_design.pdf, id=608, page=15, 614.295pt x 794.97pt>
File: study_design.pdf Graphic file (type pdf)

<use study_design.pdf, page 15>
Package pdftex.def Info: study_design.pdf, page15 used on input line 57.
(pdftex.def)             Requested size: 614.58406pt x 795.3441pt.
File: study_design.pdf Graphic file (type pdf)
 <use study_design.pdf, page 15>
Package pdftex.def Info: study_design.pdf, page15 used on input line 57.
(pdftex.def)             Requested size: 614.58406pt x 795.3441pt.
File: study_design.pdf Graphic file (type pdf)

<use study_design.pdf, page 15>
Package pdftex.def Info: study_design.pdf, page15 used on input line 57.
(pdftex.def)             Requested size: 614.58406pt x 795.3441pt.
 [15 <./study_design.pdf>]
<study_design.pdf, id=617, page=16, 614.295pt x 794.97pt>
File: study_design.pdf Graphic file (type pdf)

<use study_design.pdf, page 16>
Package pdftex.def Info: study_design.pdf, page16 used on input line 57.
(pdftex.def)             Requested size: 614.58406pt x 795.3441pt.
File: study_design.pdf Graphic file (type pdf)
 <use study_design.pdf, page 16>
Package pdftex.def Info: study_design.pdf, page16 used on input line 57.
(pdftex.def)             Requested size: 614.58406pt x 795.3441pt.
File: study_design.pdf Graphic file (type pdf)

<use study_design.pdf, page 16>
Package pdftex.def Info: study_design.pdf, page16 used on input line 57.
(pdftex.def)             Requested size: 614.58406pt x 795.3441pt.
 [16 <./study_design.pdf>]
(./LB_SN_study_design.aux) ) 
Here is how much of TeX's memory you used:
 2422 strings out of 495020
 36733 string characters out of 6181324
 91962 words of memory out of 5000000
 5621 multiletter control sequences out of 15000+600000
 3640 words of font info for 14 fonts, out of 8000000 for 9000
 14 hyphenation exceptions out of 8191
 40i,18n,46p,296b,425s stack positions out of 5000i,500n,10000p,200000b,80000s

Output written on LB_SN_study_design.pdf (16 pages, 295183 bytes).
PDF statistics:
 668 PDF objects out of 1000 (max. 8388607)
 157 compressed objects within 2 object streams
 0 named destinations out of 1000 (max. 500000)
 96 words of extra memory for PDF output out of 10000 (max. 10000000)

